<?xml version="1.0" encoding="UTF-8"?>
<!-- Generated by org.testng.reporters.JUnitXMLReporter -->
<testsuite ignored="0" hostname="Minhs-MBP" failures="0" tests="3" name="Default test" time="2.435" errors="0" timestamp="2021-03-21T17:22:48 ICT">
  <testcase classname="com.qaprosoft.carina.core.foundation.cucumber.CucumberRunner" name="feature" time="0.37"/>
  <testcase classname="com.qaprosoft.carina.core.foundation.cucumber.CucumberRunner" name="feature" time="0.045"/>
  <testcase classname="com.qaprosoft.carina.core.foundation.cucumber.CucumberRunner" name="feature" time="0.041"/>
</testsuite> <!-- Default test -->
