<?xml version="1.0" encoding="UTF-8"?>
<!-- Generated by org.testng.reporters.JUnitXMLReporter -->
<testsuite ignored="0" hostname="Minhs-MBP" failures="1" tests="5" name="Default test" time="3.253" errors="0" timestamp="2021-03-21T16:39:53 ICT">
  <testcase classname="com.qaprosoft.carina.core.foundation.cucumber.CucumberRunner" name="feature" time="0.576">
    <failure type="java.lang.AssertionError" message="expected [Sunday] but found [Friday]">
      <![CDATA[java.lang.AssertionError: expected [Sunday] but found [Friday]
at org.testng.Assert.fail(Assert.java:99)
at org.testng.Assert.failNotEquals(Assert.java:1037)
at org.testng.Assert.assertEqualsImpl(Assert.java:140)
at org.testng.Assert.assertEquals(Assert.java:122)
at org.testng.Assert.assertEquals(Assert.java:629)
at org.testng.Assert.assertEquals(Assert.java:639)
at com.toilatester.steps.Common.verifyDate(Common.java:32)
at ✽.I should be told "Sunday"(file:///Users/minhhoang/Desktop/carina-cucumber-test/src/test/resources/features/Demo.feature:7)
]]>
    </failure>
  </testcase> <!-- feature -->
  <testcase classname="com.qaprosoft.carina.core.foundation.cucumber.CucumberRunner" name="feature" time="0.08"/>
  <testcase classname="com.qaprosoft.carina.core.foundation.cucumber.CucumberRunner" name="feature" time="0.085"/>
  <testcase classname="com.qaprosoft.carina.core.foundation.cucumber.CucumberRunner" name="feature" time="0.041"/>
  <testcase classname="com.qaprosoft.carina.core.foundation.cucumber.CucumberRunner" name="feature" time="0.038"/>
</testsuite> <!-- Default test -->
