<?xml version="1.0" encoding="UTF-8"?>
<testng-results ignored="0" total="1" passed="1" failed="0" skipped="0">
  <reporter-output>
  </reporter-output>
  <suite started-at="2021-03-21T23:26:15 ICT" name="Default suite" finished-at="2021-03-21T23:26:21 ICT" duration-ms="5765">
    <groups>
      <group name="cucumber">
        <method signature="CucumberRunner.feature(io.cucumber.testng.PickleWrapper, com.qaprosoft.carina.core.foundation.cucumber.FeatureWrapperCustomName)[pri:0, instance:com.toilatester.runner.DemoRunner@1029cf9]" name="feature" class="com.qaprosoft.carina.core.foundation.cucumber.CucumberRunner"/>
      </group> <!-- cucumber -->
    </groups>
    <test started-at="2021-03-21T23:26:15 ICT" name="Default test" finished-at="2021-03-21T23:26:21 ICT" duration-ms="5765">
      <class name="com.toilatester.runner.DemoRunner">
        <test-method signature="feature(io.cucumber.testng.PickleWrapper, com.qaprosoft.carina.core.foundation.cucumber.FeatureWrapperCustomName)[pri:0, instance:com.toilatester.runner.DemoRunner@1029cf9]" started-at="2021-03-21T23:26:15 ICT" name="feature" description="Runs Cucumber Feature" data-provider="features" finished-at="2021-03-21T23:26:19 ICT" duration-ms="4139" status="PASS">
          <params>
            <param index="0">
              <value>
                <![CDATA["Test with few parameter in method"]]>
              </value>
            </param>
            <param index="1">
              <value>
                <![CDATA["Test with two parameters"]]>
              </value>
            </param>
          </params>
          <reporter-output>
          </reporter-output>
        </test-method> <!-- feature -->
        <test-method is-config="true" signature="tearDownClass(org.testng.ITestContext)[pri:0, instance:com.toilatester.runner.DemoRunner@1029cf9]" started-at="2021-03-21T23:26:19 ICT" name="tearDownClass" finished-at="2021-03-21T23:26:21 ICT" duration-ms="1449" status="PASS">
          <params>
            <param index="0">
              <value>
                <![CDATA[org.testng.TestRunner@6e355249]]>
              </value>
            </param>
          </params>
          <reporter-output>
          </reporter-output>
        </test-method> <!-- tearDownClass -->
      </class> <!-- com.toilatester.runner.DemoRunner -->
    </test> <!-- Default test -->
  </suite> <!-- Default suite -->
</testng-results>
